<?xml version="1.0" encoding="UTF-8"?>
<testsuite xmlns:xsi="http://www.w3.org/2001/XMLSchema-instance" xsi:noNamespaceSchemaLocation="https://maven.apache.org/surefire/maven-surefire-plugin/xsd/surefire-test-report.xsd" name="helper.TestRunner" time="169.771" tests="36" errors="0" skipped="0" failures="0">
  <properties>
[...]
</properties>
  <testcase name="Given User go to LUMA page" classname="Scenario: User Purchase products" time="0.016"/>
  <testcase name="Then User verify the homepage" classname="Scenario: User Purchase products" time="0"/>
  <testcase name="When User go to login page" classname="Scenario: User Purchase products" time="0"/>
  <testcase name="And User input email &quot;aldydumi@gmail.com&quot;" classname="Scenario: User Purchase products" time="0"/>
  <testcase name="And User input password &quot;qwerty1234!&quot;" classname="Scenario: User Purchase products" time="0.001"/>
  <testcase name="And User click Sign button" classname="Scenario: User Purchase products" time="0"/>
  <testcase name="Given User go to men menu" classname="Scenario: User Purchase products" time="0"/>
  <testcase name="And User go to Jackets menu" classname="Scenario: User Purchase products" time="0"/>
  <testcase name="And User click Proteus Fitness Jackshirt" classname="Scenario: User Purchase products" time="0"/>
  <testcase name="And User choose size L" classname="Scenario: User Purchase products" time="0"/>
  <testcase name="And User choose color Blue" classname="Scenario: User Purchase products" time="0.001"/>
  <testcase name="And User choose color Blue" classname="Scenario: User Purchase products" time="0"/>
  <testcase name="And User click Add to Cart button" classname="Scenario: User Purchase products" time="0.001"/>
  <testcase name="And User click Add to Cart button" classname="Scenario: User Purchase products" time="0"/>
  <testcase name="And User go to men menu" classname="Scenario: User Purchase products" time="0.001"/>
  <testcase name="And User go to Pants menu" classname="Scenario: User Purchase products" time="0"/>
  <testcase name="And User click Cronus Yoga Pant" classname="Scenario: User Purchase products" time="0"/>
  <testcase name="And User choose size 33" classname="Scenario: User Purchase products" time="0"/>
  <testcase name="And User click cart button" classname="Scenario: User Purchase products" time="0"/>
  <testcase name="And User click view and edit cart" classname="Scenario: User Purchase products" time="0"/>
  <testcase name="And User verify the cart page item" classname="Scenario: User Purchase products" time="0"/>
  <testcase name="And User verify the price" classname="Scenario: User Purchase products" time="0.001"/>
  <testcase name="And User click the Proceed to Checkout" classname="Scenario: User Purchase products" time="0"/>
  <testcase name="And User check the Order Summary" classname="Scenario: User Purchase products" time="0"/>
  <testcase name="Then User verify the item" classname="Scenario: User Purchase products" time="0"/>
  <testcase name="And User verify the shipping address" classname="Scenario: User Purchase products" time="0"/>
  <testcase name="And User choose the shipping method" classname="Scenario: User Purchase products" time="0.001"/>
  <testcase name="And User click Next button" classname="Scenario: User Purchase products" time="0.001"/>
  <testcase name="And User verify the payment page" classname="Scenario: User Purchase products" time="0"/>
  <testcase name="When User click Place Order" classname="Scenario: User Purchase products" time="0"/>
  <testcase name="And User verify success page" classname="Scenario: User Purchase products" time="0"/>
  <testcase name="And User go to My Account" classname="Scenario: User Purchase products" time="0"/>
  <testcase name="And User go to MyOrder menu" classname="Scenario: User Purchase products" time="0"/>
  <testcase name="And User go to latest Order" classname="Scenario: User Purchase products" time="0"/>
  <testcase name="Then User verify the orderId" classname="Scenario: User Purchase products" time="0"/>
  <testcase name="Scenario: User Purchase products" classname="Scenario: User Purchase products" time="0.224"/>
</testsuite>